[2025-05-09 09:03:49] [MQTT] home/inside/hall/air_quality: {"value":14.23,"timestamp":"2025-04-29T18:19:50.562Z"}
[2025-05-09 09:03:49] [MQTT] home/inside/hall/voc_level: {"value":1,"timestamp":"2025-04-29T23:07:33.820Z"}
[2025-05-09 09:03:49] [MQTT] home/inside/hall/light_color_temp: {"value":5761.64,"timestamp":"2025-04-29T23:15:23.194Z"}
[2025-05-09 09:03:49] [MQTT] home/inside/hall/noise_level: {"value":20.07,"timestamp":"2025-04-29T18:12:09.359Z"}
[2025-05-09 09:03:49] [MQTT] home/inside/hall/wifi_signal_strength: {"value":-65.24,"timestamp":"2025-04-29T23:07:13.319Z"}
[2025-05-09 09:03:49] [MQTT] home/inside/hall/humidity: {"value":74.44,"timestamp":"2025-04-29T18:11:22.206Z"}
[2025-05-09 09:03:49] [MQTT] home/inside/hall/presence_detected: {"value":1,"timestamp":"2025-04-29T18:10:17.130Z"}
[2025-05-09 09:03:49] [MQTT] home/inside/hall/co2_level: {"value":707.29,"timestamp":"2025-04-29T23:05:59.094Z"}
[2025-05-09 09:03:49] [MQTT] home/inside/hall/power_usage: {"value":1041.38,"timestamp":"2025-04-29T18:21:52.209Z"}
[2025-05-09 09:03:49] [MQTT] home/inside/hall/temperature: {"value":21.59,"timestamp":"2025-05-04T20:32:28.469Z"}
[2025-05-09 09:03:49] [MQTT] home/inside/office/wifi_signal_strength: {"value":-74.95,"timestamp":"2025-04-29T18:06:13.393Z"}
[2025-05-09 09:03:49] [MQTT] home/inside/hall/motion_detected: {"value":0,"timestamp":"2025-04-30T18:53:34.050Z"}
[2025-05-09 09:03:49] [MQTT] home/inside/office/temperature: {"value":20.74,"timestamp":"2025-04-30T18:17:33.301Z"}
[2025-05-09 09:03:49] [MQTT] home/inside/office/light_color_temp: {"value":6434.16,"timestamp":"2025-04-29T23:09:14.185Z"}
[2025-05-09 09:03:49] [MQTT] home/inside/office/co2_level: {"value":860.77,"timestamp":"2025-04-29T18:19:58.284Z"}
[2025-05-09 09:03:49] [MQTT] home/inside/office/noise_level: {"value":60.74,"timestamp":"2025-04-29T23:06:58.842Z"}
[2025-05-09 09:03:49] [MQTT] home/inside/office/power_usage: {"value":1705.01,"timestamp":"2025-04-29T18:21:19.210Z"}
[2025-05-09 09:03:49] [MQTT] home/inside/office/voc_level: {"value":0,"timestamp":"2025-04-29T22:36:09.176Z"}
[2025-05-09 09:03:49] [MQTT] home/inside/office/presence_detected: {"value":1,"timestamp":"2025-04-29T23:09:28.601Z"}
[2025-05-09 09:03:49] [MQTT] home/inside/bathroom_2F/co2_level: {"value":1091.54,"timestamp":"2025-04-29T23:09:57.173Z"}
[2025-05-09 09:03:49] [MQTT] home/inside/bathroom_2F/air_quality: {"value":28.75,"timestamp":"2025-04-29T18:06:52.233Z"}
[2025-05-09 09:03:49] [MQTT] home/inside/office/occupancy: {"value":1,"timestamp":"2025-04-29T23:07:37.454Z"}
[2025-05-09 09:03:49] [MQTT] home/inside/bathroom_2F/power_usage: {"value":321.82,"timestamp":"2025-04-29T22:36:24.177Z"}
[2025-05-09 09:03:49] [MQTT] home/inside/bathroom_2F/humidity: {"value":49.67,"timestamp":"2025-04-29T18:17:49.517Z"}
[2025-05-09 09:03:49] [MQTT] home/inside/bathroom_2F/noise_level: {"value":76.44,"timestamp":"2025-04-29T18:15:52.014Z"}
[2025-05-09 09:03:49] [MQTT] home/inside/bathroom_2F/presence_detected: {"value":0,"timestamp":"2025-04-29T22:37:18.886Z"}
[2025-05-09 09:03:49] [MQTT] home/inside/bathroom_2F/wifi_signal_strength: {"value":-81.7,"timestamp":"2025-04-29T23:06:45.973Z"}
[2025-05-09 09:03:49] [MQTT] home/inside/garage/noise_level: {"value":0,"timestamp":"2025-04-29T23:09:37.091Z"}
[2025-05-09 09:03:49] [MQTT] home/inside/bathroom_2F/voc_level: {"value":1,"timestamp":"2025-04-29T22:35:55.177Z"}
[2025-05-09 09:03:49] [MQTT] home/inside/garage/voc_level: {"value":1,"timestamp":"2025-04-29T23:05:45.974Z"}
[2025-05-09 09:03:49] [MQTT] home/inside/garage/power_usage: {"value":0,"timestamp":"2025-04-29T23:06:05.516Z"}
[2025-05-09 09:03:49] [MQTT] home/inside/garage/wifi_signal_strength: {"value":-59.74,"timestamp":"2025-04-29T18:16:38.343Z"}
[2025-05-09 09:03:49] [MQTT] home/inside/garage/car_presence: {"value":0,"timestamp":"2025-04-29T23:09:42.754Z"}
[2025-05-09 09:03:49] [MQTT] home/inside/garage/co2_level: {"value":920.52,"timestamp":"2025-04-29T23:10:16.172Z"}
[2025-05-09 09:03:49] [MQTT] home/inside/garage/light_color_temp: {"value":6500,"timestamp":"2025-04-30T23:16:08.410Z"}
[2025-05-09 09:03:49] [MQTT] home/inside/closet_2F/presence_detected: {"value":1,"timestamp":"2025-04-29T23:10:23.358Z"}
[2025-05-09 09:03:49] [MQTT] home/inside/closet_2F/light_color_temp: {"value":6139.82,"timestamp":"2025-04-29T18:09:34.207Z"}
[2025-05-09 09:03:49] [MQTT] home/inside/closet_2F/noise_level: {"value":36.66,"timestamp":"2025-04-29T18:15:50.410Z"}
[2025-05-09 09:03:49] [MQTT] home/inside/closet_2F/power_usage: {"value":2377.28,"timestamp":"2025-04-29T18:10:53.213Z"}
[2025-05-09 09:03:49] [MQTT] home/inside/closet_2F/air_quality: {"value":30.23,"timestamp":"2025-04-29T23:07:27.304Z"}
[2025-05-09 09:03:49] [MQTT] home/inside/closet_2F/voc_level: {"value":0,"timestamp":"2025-04-29T18:16:21.937Z"}
[2025-05-09 09:03:49] [MQTT] home/inside/closet_2F/co2_level: {"value":520.71,"timestamp":"2025-04-29T18:21:21.206Z"}
[2025-05-09 09:03:49] [MQTT] home/inside/closet_2F/temperature: {"value":26.91,"timestamp":"2025-04-30T18:17:32.261Z"}
[2025-05-09 09:03:49] [MQTT] home/inside/closet_2F/wifi_signal_strength: {"value":-71.44,"timestamp":"2025-04-29T23:07:43.620Z"}
[2025-05-09 09:03:49] [MQTT] home/inside/garage/air_quality: {"value":22,"timestamp":"2025-04-30T18:17:27.519Z"}
[2025-05-09 09:03:49] [MQTT] home/inside/kitchen/power_usage: {"value":2350.56,"timestamp":"2025-04-29T18:13:00.213Z"}
[2025-05-09 09:03:49] [MQTT] home/inside/kitchen/presence_detected: {"value":1,"timestamp":"2025-04-29T18:13:17.204Z"}
[2025-05-09 09:03:49] [MQTT] home/inside/kitchen/noise_level: {"value":41,"timestamp":"2025-04-29T23:06:33.868Z"}
[2025-05-09 09:03:49] [MQTT] home/inside/kitchen/temperature: {"value":23.16,"timestamp":"2025-04-29T18:20:14.753Z"}
[2025-05-09 09:03:49] [MQTT] home/inside/kitchen/gas_leak: {"value":0,"timestamp":"2025-04-29T18:13:25.518Z"}
[2025-05-09 09:03:49] [MQTT] home/inside/kitchen/light_color_temp: {"value":6128.21,"timestamp":"2025-04-29T18:08:04.828Z"}
[2025-05-09 09:03:49] [MQTT] home/inside/kitchen/voc_level: {"value":0,"timestamp":"2025-04-29T18:03:57.651Z"}
[2025-05-09 09:03:49] [MQTT] home/inside/kitchen/fridge_temp: {"value":52.59,"timestamp":"2025-04-29T18:16:28.611Z"}
[2025-05-09 09:03:49] [MQTT] home/inside/bathroom_1F/voc_level: {"value":0,"timestamp":"2025-04-29T18:03:44.970Z"}
[2025-05-09 09:03:49] [MQTT] home/inside/kitchen/wifi_signal_strength: {"value":-65.3,"timestamp":"2025-04-29T18:20:10.205Z"}
[2025-05-09 09:03:49] [MQTT] home/inside/bathroom_1F/wifi_signal_strength: {"value":-77.71,"timestamp":"2025-04-29T18:20:39.006Z"}
[2025-05-09 09:03:49] [MQTT] home/inside/bathroom_1F/air_quality: {"value":56.57,"timestamp":"2025-04-29T18:05:15.388Z"}
[2025-05-09 09:03:49] [MQTT] home/inside/bathroom_1F/co2_level: {"value":639.77,"timestamp":"2025-04-29T18:21:32.205Z"}
[2025-05-09 09:03:49] [MQTT] home/inside/bathroom_1F/noise_level: {"value":74.23,"timestamp":"2025-04-29T18:15:55.317Z"}
[2025-05-09 09:03:49] [MQTT] home/inside/bathroom_1F/presence_detected: {"value":null,"timestamp":"2025-04-30T18:17:26.122Z"}
[2025-05-09 09:03:49] [MQTT] home/inside/bathroom_1F/humidity: {"value":26.17,"timestamp":"2025-04-29T18:17:43.575Z"}
[2025-05-09 09:03:49] [MQTT] home/inside/bathroom_1F/light_color_temp: {"value":5514.19,"timestamp":"2025-04-29T23:06:25.022Z"}
[2025-05-09 09:03:49] [MQTT] home/inside/bathroom_1F/water_leak: {"value":0,"timestamp":"2025-04-29T22:36:15.177Z"}
[2025-05-09 09:03:49] [MQTT] home/inside/closet_1F/air_quality: {"value":31.75,"timestamp":"2025-04-29T18:15:21.710Z"}
[2025-05-09 09:03:49] [MQTT] home/inside/closet_1F/presence_detected: {"value":1,"timestamp":"2025-04-29T18:19:13.569Z"}
[2025-05-09 09:03:49] [MQTT] home/inside/closet_1F/voc_level: {"value":0,"timestamp":"2025-04-29T18:21:13.204Z"}
[2025-05-09 09:03:49] [MQTT] home/inside/closet_1F/wifi_signal_strength: {"value":-31.2,"timestamp":"2025-04-29T18:12:33.729Z"}
[2025-05-09 09:03:49] [MQTT] home/inside/closet_1F/light_color_temp: {"value":3998.97,"timestamp":"2025-04-29T23:14:25.783Z"}
[2025-05-09 09:03:49] [MQTT] home/inside/closet_1F/co2_level: {"value":912.1,"timestamp":"2025-04-29T18:08:59.212Z"}
[2025-05-09 09:03:49] [MQTT] home/inside/closet_1F/noise_level: {"value":41.83,"timestamp":"2025-04-29T18:14:06.214Z"}
[2025-05-09 09:03:49] [MQTT] home/inside/closet_1F/power_usage: {"value":2005.4,"timestamp":"2025-04-29T23:06:06.696Z"}
[2025-05-09 09:03:49] [MQTT] home/inside/master_bedroom/temperature: {"value":20.35,"timestamp":"2025-04-29T18:19:18.111Z"}
[2025-05-09 09:03:49] [MQTT] home/inside/master_bedroom/light_color_temp: {"value":6211.89,"timestamp":"2025-04-29T23:09:46.619Z"}
[2025-05-09 09:03:49] [MQTT] home/inside/master_bedroom/co2_level: {"value":1082.1,"timestamp":"2025-04-29T23:07:18.650Z"}
[2025-05-09 09:03:49] [MQTT] home/inside/master_bedroom/wifi_signal_strength: {"value":-45.84,"timestamp":"2025-04-29T18:20:24.878Z"}
[2025-05-09 09:03:49] [MQTT] home/inside/closet_1F/temperature: {"value":24.39,"timestamp":"2025-04-29T18:14:10.216Z"}
[2025-05-09 09:03:49] [MQTT] home/inside/master_bedroom/noise_level: {"value":32.56,"timestamp":"2025-04-29T23:15:25.377Z"}
[2025-05-09 09:03:49] [MQTT] home/inside/master_bedroom/power_usage: {"value":2026.62,"timestamp":"2025-04-29T18:19:47.294Z"}
[2025-05-09 09:03:49] [MQTT] home/inside/master_bedroom/light_level: {"value":13029.19,"timestamp":"2025-04-29T23:05:54.931Z"}
[2025-05-09 09:03:49] [MQTT] home/inside/master_bedroom/air_quality: {"value":85.23,"timestamp":"2025-04-29T22:35:51.177Z"}
[2025-05-09 09:03:49] [MQTT] home/inside/master_bedroom/presence_detected: {"value":0,"timestamp":"2025-04-29T23:14:35.257Z"}
[2025-05-09 09:03:49] [MQTT] home/inside/laundry/light_color_temp: {"value":6143.56,"timestamp":"2025-04-29T23:10:07.173Z"}
[2025-05-09 09:03:49] [MQTT] home/inside/laundry/noise_level: {"value":52.33,"timestamp":"2025-04-29T18:04:04.361Z"}
[2025-05-09 09:03:49] [MQTT] home/inside/laundry/wifi_signal_strength: {"value":-46.94,"timestamp":"2025-04-29T18:11:12.207Z"}
[2025-05-09 09:03:49] [MQTT] home/inside/laundry/voc_level: {"value":1,"timestamp":"2025-04-29T18:20:32.005Z"}
[2025-05-09 09:03:49] [MQTT] home/inside/laundry/air_quality: {"value":27.71,"timestamp":"2025-04-29T23:10:11.173Z"}
[2025-05-09 09:03:49] [MQTT] home/inside/laundry/presence_detected: {"value":1,"timestamp":"2025-04-29T23:07:29.104Z"}
[2025-05-09 09:03:49] [MQTT] home/inside/laundry/power_usage: {"value":1496.19,"timestamp":"2025-04-29T23:06:55.888Z"}
[2025-05-09 09:03:49] [MQTT] home/inside/living_room/voc_level: {"value":0,"timestamp":"2025-04-29T18:07:42.212Z"}
[2025-05-09 09:03:49] [MQTT] home/inside/living_room/light_level: {"value":54908.8,"timestamp":"2025-04-29T23:06:28.220Z"}
[2025-05-09 09:03:49] [MQTT] home/inside/laundry/co2_level: {"value":609.6,"timestamp":"2025-04-29T23:05:51.776Z"}
[2025-05-09 09:03:49] [MQTT] home/inside/living_room/presence_detected: {"value":0,"timestamp":"2025-04-29T23:07:03.719Z"}
[2025-05-09 09:03:49] [MQTT] home/inside/living_room/wifi_signal_strength: {"value":-43.8,"timestamp":"2025-04-29T18:08:50.213Z"}
[2025-05-09 09:03:49] [MQTT] home/inside/living_room/air_quality: {"value":83.11,"timestamp":"2025-04-29T18:10:31.991Z"}
[2025-05-09 09:03:49] [MQTT] home/inside/living_room/noise_level: {"value":82.57,"timestamp":"2025-04-29T23:14:33.842Z"}
[2025-05-09 09:03:49] [MQTT] home/inside/living_room/light_color_temp: {"value":2610.41,"timestamp":"2025-04-29T18:22:34.206Z"}
[2025-05-09 09:03:49] [MQTT] home/inside/living_room/temperature: {"value":25.26,"timestamp":"2025-04-29T23:14:24.472Z"}
[2025-05-09 09:03:49] [MQTT] home/inside/ivan_bedroom/air_quality: {"value":53.26,"timestamp":"2025-04-29T18:04:43.218Z"}
[2025-05-09 09:03:49] [MQTT] home/inside/ivan_bedroom/co2_level: {"value":1053.24,"timestamp":"2025-04-29T23:09:43.682Z"}
[2025-05-09 09:03:49] [MQTT] home/inside/living_room/co2_level: {"value":463.28,"timestamp":"2025-04-29T18:21:28.209Z"}
[2025-05-09 09:03:49] [MQTT] home/inside/ivan_bedroom/temperature: {"value":25.24,"timestamp":"2025-04-29T23:07:42.434Z"}
[2025-05-09 09:03:49] [MQTT] home/inside/ivan_bedroom/presence_detected: {"value":0,"timestamp":"2025-04-29T23:06:42.020Z"}
[2025-05-09 09:03:49] [MQTT] home/inside/ivan_bedroom/light_color_temp: {"value":6319.63,"timestamp":"2025-04-29T18:17:16.189Z"}
[2025-05-09 09:03:49] [MQTT] home/inside/ivan_bedroom/wifi_signal_strength: {"value":-84.44,"timestamp":"2025-04-30T18:17:20.928Z"}
[2025-05-09 09:03:49] [MQTT] home/inside/upper_hall/noise_level: {"value":71.43,"timestamp":"2025-04-30T18:13:43.360Z"}
[2025-05-09 09:03:49] [MQTT] home/inside/ivan_bedroom/voc_level: {"value":0,"timestamp":"2025-04-29T18:19:05.683Z"}
[2025-05-09 09:03:49] [MQTT] home/inside/ivan_bedroom/sleep_mode: {"value":0,"timestamp":"2025-04-29T23:09:16.892Z"}
[2025-05-09 09:03:49] [MQTT] home/inside/upper_hall/power_usage: {"value":1039.48,"timestamp":"2025-04-29T18:05:51.355Z"}
[2025-05-09 09:03:49] [MQTT] home/inside/upper_hall/voc_level: {"value":0,"timestamp":"2025-04-29T23:14:29.691Z"}
[2025-05-09 09:03:49] [MQTT] home/inside/upper_hall/air_quality: {"value":60.33,"timestamp":"2025-04-29T23:07:00.742Z"}
[2025-05-09 09:03:49] [MQTT] home/inside/upper_hall/presence_detected: {"value":1,"timestamp":"2025-04-29T18:17:59.377Z"}
[2025-05-09 09:03:49] [MQTT] home/inside/upper_hall/light_color_temp: {"value":5452.63,"timestamp":"2025-04-29T23:14:14.904Z"}
[2025-05-09 09:03:49] [MQTT] home/inside/upper_hall/co2_level: {"value":1119.67,"timestamp":"2025-04-29T23:05:40.067Z"}
[2025-05-09 09:03:49] [MQTT] home/inside/upper_hall/temperature: {"value":28.08,"timestamp":"2025-04-29T18:20:53.353Z"}
[2025-05-09 09:03:49] [MQTT] home/inside/stage/air_quality: {"value":27.93,"timestamp":"2025-04-29T18:20:56.616Z"}
[2025-05-09 09:03:49] [MQTT] home/inside/stage/power_usage: {"value":1383.18,"timestamp":"2025-04-29T22:36:28.176Z"}
[2025-05-09 09:03:49] [MQTT] home/inside/stage/wifi_signal_strength: {"value":-35.76,"timestamp":"2025-04-29T22:36:40.179Z"}
[2025-05-09 09:03:49] [MQTT] home/inside/stage/voc_level: {"value":1,"timestamp":"2025-04-29T18:20:21.823Z"}
[2025-05-09 09:03:49] [MQTT] home/inside/stage/noise_level: {"value":22.35,"timestamp":"2025-04-30T18:13:51.366Z"}
[2025-05-09 09:03:49] [MQTT] home/inside/stage/light_color_temp: {"value":2225.49,"timestamp":"2025-04-29T23:14:19.027Z"}
[2025-05-09 09:03:49] [MQTT] home/inside/stage/presence_detected: {"value":null,"timestamp":"2025-04-30T18:13:48.629Z"}
[2025-05-09 09:03:49] [MQTT] home/inside/daria_bedroom/music_playing: {"value":null,"timestamp":"2025-04-30T18:13:54.264Z"}
[2025-05-09 09:03:49] [MQTT] home/inside/stage/temperature: {"value":21.72,"timestamp":"2025-04-29T23:10:21.173Z"}
[2025-05-09 09:03:49] [MQTT] home/inside/daria_bedroom/co2_level: {"value":852.76,"timestamp":"2025-04-29T18:16:50.239Z"}
[2025-05-09 09:03:49] [MQTT] home/inside/daria_bedroom/power_usage: {"value":844.82,"timestamp":"2025-04-29T18:17:46.709Z"}
[2025-05-09 09:03:49] [MQTT] home/inside/daria_bedroom/voc_level: {"value":0,"timestamp":"2025-04-29T18:17:10.535Z"}
[2025-05-09 09:03:49] [MQTT] home/inside/daria_bedroom/temperature: {"value":17.03,"timestamp":"2025-04-29T18:21:08.203Z"}
[2025-05-09 09:03:49] [MQTT] home/inside/daria_bedroom/presence_detected: {"value":0,"timestamp":"2025-04-29T22:36:34.177Z"}
[2025-05-09 09:03:49] [MQTT] home/inside/daria_bedroom/light_color_temp: {"value":3022.81,"timestamp":"2025-04-29T22:36:44.177Z"}
[2025-05-09 09:03:49] [MQTT] home/inside/daria_bedroom/wifi_signal_strength: {"value":-79.37,"timestamp":"2025-04-29T23:09:53.175Z"}
[2025-05-09 09:03:49] [MQTT] home/outside/back_yard/uv_index: {"value":1.12,"timestamp":"2025-04-29T23:14:12.722Z"}
[2025-05-09 09:03:49] [MQTT] home/outside/back_yard/air_quality: {"value":49.79,"timestamp":"2025-04-29T18:03:43.930Z"}
[2025-05-09 09:03:49] [MQTT] home/outside/back_yard/light_level: {"value":8241.74,"timestamp":"2025-04-29T23:15:32.186Z"}
[2025-05-09 09:03:49] [MQTT] home/outside/back_yard/barometric_pressure: {"value":1031.66,"timestamp":"2025-04-29T23:10:03.175Z"}
[2025-05-09 09:03:49] [MQTT] home/outside/back_yard/motion_detected: {"value":0,"timestamp":"2025-04-29T23:06:54.420Z"}
[2025-05-09 09:03:49] [MQTT] home/outside/back_yard/ambient_noise: {"value":40.12,"timestamp":"2025-04-29T23:05:28.868Z"}
[2025-05-09 09:03:49] [MQTT] home/outside/driveway/uv_index: {"value":8.04,"timestamp":"2025-04-30T18:17:37.098Z"}
[2025-05-09 09:03:49] [MQTT] home/outside/driveway/light_level: {"value":2277.72,"timestamp":"2025-04-30T18:13:42.003Z"}
[2025-05-09 09:03:49] [MQTT] home/outside/driveway/vehicle_detected: {"value":1,"timestamp":"2025-04-29T18:17:39.977Z"}
[2025-05-09 09:03:49] [MQTT] home/outside/driveway/ambient_noise: {"value":90,"timestamp":"2025-04-29T18:07:51.582Z"}
[2025-05-09 09:03:49] [MQTT] home/outside/driveway/air_quality: {"value":79.28,"timestamp":"2025-04-29T23:09:51.173Z"}
[2025-05-09 09:03:49] [MQTT] home/outside/driveway/barometric_pressure: {"value":997.91,"timestamp":"2025-04-29T18:20:16.907Z"}
[2025-05-09 09:03:49] [MQTT] home/outside/front_yard/temperature: {"value":24.8,"timestamp":"2025-05-05T00:10:49.380Z"}
[2025-05-09 09:03:49] [MQTT] home/outside/front_yard/barometric_pressure: {"value":959.36,"timestamp":"2025-05-05T00:23:20.025Z"}
[2025-05-09 09:03:49] [MQTT] home/outside/front_yard/rain_detected: {"value":1,"timestamp":"2025-04-29T18:10:07.898Z"}
[2025-05-09 09:03:49] [MQTT] home/outside/front_yard/light_level: {"value":78974.25,"timestamp":"2025-04-29T23:07:20.357Z"}
[2025-05-09 09:03:49] [MQTT] home/outside/front_yard/air_quality: {"value":33.42,"timestamp":"2025-04-29T18:21:23.206Z"}
[2025-05-09 09:03:49] [MQTT] home/outside/front_yard/humidity: {"value":83,"timestamp":"2025-05-05T00:08:09.675Z"}
[2025-05-09 09:03:49] [MQTT] home/outside/front_yard/uv_index: {"value":2.9,"timestamp":"2025-04-29T23:07:24.443Z"}
[2025-05-09 09:03:49] [MQTT] home/outside/front_yard/wind_direction: {"value":"S","timestamp":"2025-05-05T00:14:58.018Z"}
[2025-05-09 09:03:49] [MQTT] home/outside/roof/solar_output: {"value":4895.47,"timestamp":"2025-04-29T18:17:05.281Z"}
[2025-05-09 09:03:49] [MQTT] home/outside/roof/light_level: {"value":76589.33,"timestamp":"2025-04-29T23:06:39.174Z"}
[2025-05-09 09:03:49] [MQTT] home/outside/roof/air_quality: {"value":59,"timestamp":"2025-04-29T18:21:56.208Z"}
[2025-05-09 09:03:49] [MQTT] home/outside/roof/wind_speed: {"value":13.29,"timestamp":"2025-04-29T18:18:53.879Z"}
[2025-05-09 09:03:49] [MQTT] home/outside/roof/ambient_noise: {"value":54.41,"timestamp":"2025-04-29T22:36:01.179Z"}
[2025-05-09 09:03:49] [MQTT] home/outside/roof/barometric_pressure: {"value":1024.1,"timestamp":"2025-04-29T22:36:05.177Z"}
[2025-05-09 09:03:49] [MQTT] home/inside/first_floor/stairs-1f/motion_detected: {"value":0,"timestamp":"2025-05-09T13:03:49.664Z"}
[2025-05-09 09:03:56] [MQTT] home/inside/first_floor/kitchen-1f/temperature: {"value":10,"timestamp":"2025-05-09T13:03:56.664Z"}
[2025-05-09 09:04:03] [MQTT] home/inside/second_floor/master-closet-2f/light_level: {"value":89866,"timestamp":"2025-05-09T13:04:02.667Z"}
[2025-05-09 09:04:10] [MQTT] home/inside/first_floor/laundry-1f/motion_detected: {"value":0,"timestamp":"2025-05-09T13:04:09.666Z"}
[2025-05-09 09:14:12] [MQTT] home/inside/hall/air_quality: {"value":14.23,"timestamp":"2025-04-29T18:19:50.562Z"}
[2025-05-09 09:14:12] [MQTT] home/inside/hall/voc_level: {"value":1,"timestamp":"2025-04-29T23:07:33.820Z"}
[2025-05-09 09:14:12] [MQTT] home/inside/hall/noise_level: {"value":20.07,"timestamp":"2025-04-29T18:12:09.359Z"}
[2025-05-09 09:14:12] [MQTT] home/inside/hall/wifi_signal_strength: {"value":-65.24,"timestamp":"2025-04-29T23:07:13.319Z"}
[2025-05-09 09:14:12] [MQTT] home/inside/hall/light_color_temp: {"value":5761.64,"timestamp":"2025-04-29T23:15:23.194Z"}
[2025-05-09 09:14:12] [MQTT] home/inside/hall/presence_detected: {"value":1,"timestamp":"2025-04-29T18:10:17.130Z"}
[2025-05-09 09:14:12] [MQTT] home/inside/hall/co2_level: {"value":707.29,"timestamp":"2025-04-29T23:05:59.094Z"}
[2025-05-09 09:14:12] [MQTT] home/inside/hall/humidity: {"value":74.44,"timestamp":"2025-04-29T18:11:22.206Z"}
[2025-05-09 09:14:12] [MQTT] home/inside/hall/power_usage: {"value":1041.38,"timestamp":"2025-04-29T18:21:52.209Z"}
[2025-05-09 09:14:12] [MQTT] home/inside/hall/motion_detected: {"value":0,"timestamp":"2025-04-30T18:53:34.050Z"}
[2025-05-09 09:14:12] [MQTT] home/inside/hall/temperature: {"value":21.59,"timestamp":"2025-05-04T20:32:28.469Z"}
[2025-05-09 09:14:12] [MQTT] home/inside/office/wifi_signal_strength: {"value":-74.95,"timestamp":"2025-04-29T18:06:13.393Z"}
[2025-05-09 09:14:12] [MQTT] home/inside/office/co2_level: {"value":860.77,"timestamp":"2025-04-29T18:19:58.284Z"}
[2025-05-09 09:14:12] [MQTT] home/inside/office/temperature: {"value":20.74,"timestamp":"2025-04-30T18:17:33.301Z"}
[2025-05-09 09:14:12] [MQTT] home/inside/office/light_color_temp: {"value":6434.16,"timestamp":"2025-04-29T23:09:14.185Z"}
[2025-05-09 09:14:12] [MQTT] home/inside/office/power_usage: {"value":1705.01,"timestamp":"2025-04-29T18:21:19.210Z"}
[2025-05-09 09:14:12] [MQTT] home/inside/office/occupancy: {"value":1,"timestamp":"2025-04-29T23:07:37.454Z"}
[2025-05-09 09:14:12] [MQTT] home/inside/office/noise_level: {"value":60.74,"timestamp":"2025-04-29T23:06:58.842Z"}
[2025-05-09 09:14:12] [MQTT] home/inside/office/presence_detected: {"value":1,"timestamp":"2025-04-29T23:09:28.601Z"}
[2025-05-09 09:14:12] [MQTT] home/inside/bathroom_2F/humidity: {"value":49.67,"timestamp":"2025-04-29T18:17:49.517Z"}
[2025-05-09 09:14:12] [MQTT] home/inside/bathroom_2F/co2_level: {"value":1091.54,"timestamp":"2025-04-29T23:09:57.173Z"}
[2025-05-09 09:14:12] [MQTT] home/inside/bathroom_2F/power_usage: {"value":321.82,"timestamp":"2025-04-29T22:36:24.177Z"}
[2025-05-09 09:14:12] [MQTT] home/inside/bathroom_2F/air_quality: {"value":28.75,"timestamp":"2025-04-29T18:06:52.233Z"}
[2025-05-09 09:14:12] [MQTT] home/inside/bathroom_2F/presence_detected: {"value":0,"timestamp":"2025-04-29T22:37:18.886Z"}
[2025-05-09 09:14:12] [MQTT] home/inside/office/voc_level: {"value":0,"timestamp":"2025-04-29T22:36:09.176Z"}
[2025-05-09 09:14:12] [MQTT] home/inside/bathroom_2F/noise_level: {"value":76.44,"timestamp":"2025-04-29T18:15:52.014Z"}
[2025-05-09 09:14:12] [MQTT] home/inside/bathroom_2F/voc_level: {"value":1,"timestamp":"2025-04-29T22:35:55.177Z"}
[2025-05-09 09:14:12] [MQTT] home/inside/bathroom_2F/wifi_signal_strength: {"value":-81.7,"timestamp":"2025-04-29T23:06:45.973Z"}
[2025-05-09 09:14:12] [MQTT] home/inside/garage/power_usage: {"value":0,"timestamp":"2025-04-29T23:06:05.516Z"}
[2025-05-09 09:14:12] [MQTT] home/inside/garage/voc_level: {"value":1,"timestamp":"2025-04-29T23:05:45.974Z"}
[2025-05-09 09:14:12] [MQTT] home/inside/garage/wifi_signal_strength: {"value":-59.74,"timestamp":"2025-04-29T18:16:38.343Z"}
[2025-05-09 09:14:12] [MQTT] home/inside/garage/noise_level: {"value":0,"timestamp":"2025-04-29T23:09:37.091Z"}
[2025-05-09 09:14:12] [MQTT] home/inside/garage/car_presence: {"value":0,"timestamp":"2025-04-29T23:09:42.754Z"}
[2025-05-09 09:14:12] [MQTT] home/inside/garage/co2_level: {"value":920.52,"timestamp":"2025-04-29T23:10:16.172Z"}
[2025-05-09 09:14:12] [MQTT] home/inside/garage/light_color_temp: {"value":6500,"timestamp":"2025-04-30T23:16:08.410Z"}
[2025-05-09 09:14:12] [MQTT] home/inside/closet_2F/presence_detected: {"value":1,"timestamp":"2025-04-29T23:10:23.358Z"}
[2025-05-09 09:14:12] [MQTT] home/inside/closet_2F/noise_level: {"value":36.66,"timestamp":"2025-04-29T18:15:50.410Z"}
[2025-05-09 09:14:12] [MQTT] home/inside/closet_2F/light_color_temp: {"value":6139.82,"timestamp":"2025-04-29T18:09:34.207Z"}
[2025-05-09 09:14:12] [MQTT] home/inside/garage/air_quality: {"value":22,"timestamp":"2025-04-30T18:17:27.519Z"}
[2025-05-09 09:14:12] [MQTT] home/inside/closet_2F/power_usage: {"value":2377.28,"timestamp":"2025-04-29T18:10:53.213Z"}
[2025-05-09 09:14:12] [MQTT] home/inside/closet_2F/air_quality: {"value":30.23,"timestamp":"2025-04-29T23:07:27.304Z"}
[2025-05-09 09:14:12] [MQTT] home/inside/closet_2F/voc_level: {"value":0,"timestamp":"2025-04-29T18:16:21.937Z"}
[2025-05-09 09:14:12] [MQTT] home/inside/closet_2F/temperature: {"value":26.91,"timestamp":"2025-04-30T18:17:32.261Z"}
[2025-05-09 09:14:12] [MQTT] home/inside/closet_2F/co2_level: {"value":520.71,"timestamp":"2025-04-29T18:21:21.206Z"}
[2025-05-09 09:14:12] [MQTT] home/inside/closet_2F/wifi_signal_strength: {"value":-71.44,"timestamp":"2025-04-29T23:07:43.620Z"}
[2025-05-09 09:14:12] [MQTT] home/inside/kitchen/voc_level: {"value":0,"timestamp":"2025-04-29T18:03:57.651Z"}
[2025-05-09 09:14:12] [MQTT] home/inside/kitchen/power_usage: {"value":2350.56,"timestamp":"2025-04-29T18:13:00.213Z"}
[2025-05-09 09:14:12] [MQTT] home/inside/kitchen/presence_detected: {"value":1,"timestamp":"2025-04-29T18:13:17.204Z"}
[2025-05-09 09:14:12] [MQTT] home/inside/kitchen/temperature: {"value":23.16,"timestamp":"2025-04-29T18:20:14.753Z"}
[2025-05-09 09:14:12] [MQTT] home/inside/kitchen/light_color_temp: {"value":6128.21,"timestamp":"2025-04-29T18:08:04.828Z"}
[2025-05-09 09:14:12] [MQTT] home/inside/kitchen/gas_leak: {"value":0,"timestamp":"2025-04-29T18:13:25.518Z"}
[2025-05-09 09:14:12] [MQTT] home/inside/kitchen/noise_level: {"value":41,"timestamp":"2025-04-29T23:06:33.868Z"}
[2025-05-09 09:14:12] [MQTT] home/inside/kitchen/fridge_temp: {"value":52.59,"timestamp":"2025-04-29T18:16:28.611Z"}
[2025-05-09 09:14:12] [MQTT] home/inside/kitchen/wifi_signal_strength: {"value":-65.3,"timestamp":"2025-04-29T18:20:10.205Z"}
[2025-05-09 09:14:12] [MQTT] home/inside/bathroom_1F/wifi_signal_strength: {"value":-77.71,"timestamp":"2025-04-29T18:20:39.006Z"}
[2025-05-09 09:14:12] [MQTT] home/inside/bathroom_1F/co2_level: {"value":639.77,"timestamp":"2025-04-29T18:21:32.205Z"}
[2025-05-09 09:14:12] [MQTT] home/inside/bathroom_1F/voc_level: {"value":0,"timestamp":"2025-04-29T18:03:44.970Z"}
[2025-05-09 09:14:12] [MQTT] home/inside/bathroom_1F/humidity: {"value":26.17,"timestamp":"2025-04-29T18:17:43.575Z"}
[2025-05-09 09:14:12] [MQTT] home/inside/bathroom_1F/noise_level: {"value":74.23,"timestamp":"2025-04-29T18:15:55.317Z"}
[2025-05-09 09:14:12] [MQTT] home/inside/bathroom_1F/presence_detected: {"value":null,"timestamp":"2025-04-30T18:17:26.122Z"}
[2025-05-09 09:14:12] [MQTT] home/inside/bathroom_1F/air_quality: {"value":56.57,"timestamp":"2025-04-29T18:05:15.388Z"}
[2025-05-09 09:14:12] [MQTT] home/inside/bathroom_1F/light_color_temp: {"value":5514.19,"timestamp":"2025-04-29T23:06:25.022Z"}
[2025-05-09 09:14:12] [MQTT] home/inside/bathroom_1F/water_leak: {"value":0,"timestamp":"2025-04-29T22:36:15.177Z"}
[2025-05-09 09:14:12] [MQTT] home/inside/closet_1F/air_quality: {"value":31.75,"timestamp":"2025-04-29T18:15:21.710Z"}
[2025-05-09 09:14:12] [MQTT] home/inside/closet_1F/presence_detected: {"value":1,"timestamp":"2025-04-29T18:19:13.569Z"}
[2025-05-09 09:14:12] [MQTT] home/inside/closet_1F/wifi_signal_strength: {"value":-31.2,"timestamp":"2025-04-29T18:12:33.729Z"}
[2025-05-09 09:14:12] [MQTT] home/inside/closet_1F/voc_level: {"value":0,"timestamp":"2025-04-29T18:21:13.204Z"}
[2025-05-09 09:14:12] [MQTT] home/inside/closet_1F/co2_level: {"value":912.1,"timestamp":"2025-04-29T18:08:59.212Z"}
[2025-05-09 09:14:12] [MQTT] home/inside/closet_1F/light_color_temp: {"value":3998.97,"timestamp":"2025-04-29T23:14:25.783Z"}
[2025-05-09 09:14:12] [MQTT] home/inside/closet_1F/temperature: {"value":24.39,"timestamp":"2025-04-29T18:14:10.216Z"}
[2025-05-09 09:14:12] [MQTT] home/inside/closet_1F/power_usage: {"value":2005.4,"timestamp":"2025-04-29T23:06:06.696Z"}
[2025-05-09 09:14:12] [MQTT] home/inside/closet_1F/noise_level: {"value":41.83,"timestamp":"2025-04-29T18:14:06.214Z"}
[2025-05-09 09:14:12] [MQTT] home/inside/master_bedroom/light_color_temp: {"value":6211.89,"timestamp":"2025-04-29T23:09:46.619Z"}
[2025-05-09 09:14:12] [MQTT] home/inside/master_bedroom/temperature: {"value":20.35,"timestamp":"2025-04-29T18:19:18.111Z"}
[2025-05-09 09:14:12] [MQTT] home/inside/master_bedroom/wifi_signal_strength: {"value":-45.84,"timestamp":"2025-04-29T18:20:24.878Z"}
[2025-05-09 09:14:12] [MQTT] home/inside/master_bedroom/noise_level: {"value":32.56,"timestamp":"2025-04-29T23:15:25.377Z"}
[2025-05-09 09:14:12] [MQTT] home/inside/master_bedroom/co2_level: {"value":1082.1,"timestamp":"2025-04-29T23:07:18.650Z"}
[2025-05-09 09:14:12] [MQTT] home/inside/master_bedroom/light_level: {"value":13029.19,"timestamp":"2025-04-29T23:05:54.931Z"}
[2025-05-09 09:14:12] [MQTT] home/inside/master_bedroom/presence_detected: {"value":0,"timestamp":"2025-04-29T23:14:35.257Z"}
[2025-05-09 09:14:12] [MQTT] home/inside/master_bedroom/power_usage: {"value":2026.62,"timestamp":"2025-04-29T18:19:47.294Z"}
[2025-05-09 09:14:12] [MQTT] home/inside/master_bedroom/air_quality: {"value":85.23,"timestamp":"2025-04-29T22:35:51.177Z"}
[2025-05-09 09:14:12] [MQTT] home/inside/laundry/air_quality: {"value":27.71,"timestamp":"2025-04-29T23:10:11.173Z"}
[2025-05-09 09:14:12] [MQTT] home/inside/laundry/noise_level: {"value":52.33,"timestamp":"2025-04-29T18:04:04.361Z"}
[2025-05-09 09:14:12] [MQTT] home/inside/laundry/light_color_temp: {"value":6143.56,"timestamp":"2025-04-29T23:10:07.173Z"}
[2025-05-09 09:14:12] [MQTT] home/inside/laundry/wifi_signal_strength: {"value":-46.94,"timestamp":"2025-04-29T18:11:12.207Z"}
[2025-05-09 09:14:12] [MQTT] home/inside/laundry/voc_level: {"value":1,"timestamp":"2025-04-29T18:20:32.005Z"}
[2025-05-09 09:14:12] [MQTT] home/inside/laundry/presence_detected: {"value":1,"timestamp":"2025-04-29T23:07:29.104Z"}
[2025-05-09 09:14:12] [MQTT] home/inside/laundry/power_usage: {"value":1496.19,"timestamp":"2025-04-29T23:06:55.888Z"}
[2025-05-09 09:14:12] [MQTT] home/inside/living_room/voc_level: {"value":0,"timestamp":"2025-04-29T18:07:42.212Z"}
[2025-05-09 09:14:12] [MQTT] home/inside/living_room/presence_detected: {"value":0,"timestamp":"2025-04-29T23:07:03.719Z"}
[2025-05-09 09:14:12] [MQTT] home/inside/living_room/light_level: {"value":54908.8,"timestamp":"2025-04-29T23:06:28.220Z"}
[2025-05-09 09:14:12] [MQTT] home/inside/living_room/noise_level: {"value":82.57,"timestamp":"2025-04-29T23:14:33.842Z"}
[2025-05-09 09:14:12] [MQTT] home/inside/living_room/wifi_signal_strength: {"value":-43.8,"timestamp":"2025-04-29T18:08:50.213Z"}
[2025-05-09 09:14:12] [MQTT] home/inside/laundry/co2_level: {"value":609.6,"timestamp":"2025-04-29T23:05:51.776Z"}
[2025-05-09 09:14:12] [MQTT] home/inside/living_room/light_color_temp: {"value":2610.41,"timestamp":"2025-04-29T18:22:34.206Z"}
[2025-05-09 09:14:12] [MQTT] home/inside/living_room/air_quality: {"value":83.11,"timestamp":"2025-04-29T18:10:31.991Z"}
[2025-05-09 09:14:12] [MQTT] home/inside/living_room/co2_level: {"value":463.28,"timestamp":"2025-04-29T18:21:28.209Z"}
[2025-05-09 09:14:12] [MQTT] home/inside/living_room/temperature: {"value":25.26,"timestamp":"2025-04-29T23:14:24.472Z"}
[2025-05-09 09:14:12] [MQTT] home/inside/ivan_bedroom/air_quality: {"value":53.26,"timestamp":"2025-04-29T18:04:43.218Z"}
[2025-05-09 09:14:12] [MQTT] home/inside/ivan_bedroom/temperature: {"value":25.24,"timestamp":"2025-04-29T23:07:42.434Z"}
[2025-05-09 09:14:12] [MQTT] home/inside/ivan_bedroom/co2_level: {"value":1053.24,"timestamp":"2025-04-29T23:09:43.682Z"}
[2025-05-09 09:14:12] [MQTT] home/inside/ivan_bedroom/presence_detected: {"value":0,"timestamp":"2025-04-29T23:06:42.020Z"}
[2025-05-09 09:14:12] [MQTT] home/inside/ivan_bedroom/light_color_temp: {"value":6319.63,"timestamp":"2025-04-29T18:17:16.189Z"}
[2025-05-09 09:14:12] [MQTT] home/inside/ivan_bedroom/wifi_signal_strength: {"value":-84.44,"timestamp":"2025-04-30T18:17:20.928Z"}
[2025-05-09 09:14:12] [MQTT] home/inside/ivan_bedroom/sleep_mode: {"value":0,"timestamp":"2025-04-29T23:09:16.892Z"}
[2025-05-09 09:14:12] [MQTT] home/inside/ivan_bedroom/voc_level: {"value":0,"timestamp":"2025-04-29T18:19:05.683Z"}
[2025-05-09 09:14:12] [MQTT] home/inside/upper_hall/power_usage: {"value":1039.48,"timestamp":"2025-04-29T18:05:51.355Z"}
[2025-05-09 09:14:12] [MQTT] home/inside/upper_hall/air_quality: {"value":60.33,"timestamp":"2025-04-29T23:07:00.742Z"}
[2025-05-09 09:14:12] [MQTT] home/inside/upper_hall/voc_level: {"value":0,"timestamp":"2025-04-29T23:14:29.691Z"}
[2025-05-09 09:14:12] [MQTT] home/inside/upper_hall/noise_level: {"value":71.43,"timestamp":"2025-04-30T18:13:43.360Z"}
[2025-05-09 09:14:12] [MQTT] home/inside/upper_hall/presence_detected: {"value":1,"timestamp":"2025-04-29T18:17:59.377Z"}
[2025-05-09 09:14:12] [MQTT] home/inside/upper_hall/light_color_temp: {"value":5452.63,"timestamp":"2025-04-29T23:14:14.904Z"}
[2025-05-09 09:14:12] [MQTT] home/inside/upper_hall/co2_level: {"value":1119.67,"timestamp":"2025-04-29T23:05:40.067Z"}
[2025-05-09 09:14:12] [MQTT] home/inside/upper_hall/temperature: {"value":28.08,"timestamp":"2025-04-29T18:20:53.353Z"}
[2025-05-09 09:14:12] [MQTT] home/inside/stage/voc_level: {"value":1,"timestamp":"2025-04-29T18:20:21.823Z"}
[2025-05-09 09:14:12] [MQTT] home/inside/stage/power_usage: {"value":1383.18,"timestamp":"2025-04-29T22:36:28.176Z"}
[2025-05-09 09:14:12] [MQTT] home/inside/stage/wifi_signal_strength: {"value":-35.76,"timestamp":"2025-04-29T22:36:40.179Z"}
[2025-05-09 09:14:12] [MQTT] home/inside/stage/air_quality: {"value":27.93,"timestamp":"2025-04-29T18:20:56.616Z"}
[2025-05-09 09:14:12] [MQTT] home/inside/stage/light_color_temp: {"value":2225.49,"timestamp":"2025-04-29T23:14:19.027Z"}
[2025-05-09 09:14:12] [MQTT] home/inside/stage/noise_level: {"value":22.35,"timestamp":"2025-04-30T18:13:51.366Z"}
[2025-05-09 09:14:12] [MQTT] home/inside/stage/presence_detected: {"value":null,"timestamp":"2025-04-30T18:13:48.629Z"}
[2025-05-09 09:14:12] [MQTT] home/inside/stage/temperature: {"value":21.72,"timestamp":"2025-04-29T23:10:21.173Z"}
[2025-05-09 09:14:12] [MQTT] home/inside/daria_bedroom/music_playing: {"value":null,"timestamp":"2025-04-30T18:13:54.264Z"}
[2025-05-09 09:14:12] [MQTT] home/inside/daria_bedroom/voc_level: {"value":0,"timestamp":"2025-04-29T18:17:10.535Z"}
[2025-05-09 09:14:12] [MQTT] home/inside/daria_bedroom/co2_level: {"value":852.76,"timestamp":"2025-04-29T18:16:50.239Z"}
[2025-05-09 09:14:12] [MQTT] home/inside/daria_bedroom/power_usage: {"value":844.82,"timestamp":"2025-04-29T18:17:46.709Z"}
[2025-05-09 09:14:12] [MQTT] home/inside/daria_bedroom/presence_detected: {"value":0,"timestamp":"2025-04-29T22:36:34.177Z"}
[2025-05-09 09:14:12] [MQTT] home/inside/daria_bedroom/light_color_temp: {"value":3022.81,"timestamp":"2025-04-29T22:36:44.177Z"}
[2025-05-09 09:14:12] [MQTT] home/inside/daria_bedroom/wifi_signal_strength: {"value":-79.37,"timestamp":"2025-04-29T23:09:53.175Z"}
[2025-05-09 09:14:12] [MQTT] home/outside/back_yard/air_quality: {"value":49.79,"timestamp":"2025-04-29T18:03:43.930Z"}
[2025-05-09 09:14:12] [MQTT] home/inside/daria_bedroom/temperature: {"value":17.03,"timestamp":"2025-04-29T18:21:08.203Z"}
[2025-05-09 09:14:12] [MQTT] home/outside/back_yard/motion_detected: {"value":0,"timestamp":"2025-04-29T23:06:54.420Z"}
[2025-05-09 09:14:12] [MQTT] home/outside/back_yard/light_level: {"value":8241.74,"timestamp":"2025-04-29T23:15:32.186Z"}
[2025-05-09 09:14:12] [MQTT] home/outside/back_yard/ambient_noise: {"value":40.12,"timestamp":"2025-04-29T23:05:28.868Z"}
[2025-05-09 09:14:12] [MQTT] home/outside/back_yard/uv_index: {"value":1.12,"timestamp":"2025-04-29T23:14:12.722Z"}
[2025-05-09 09:14:12] [MQTT] home/outside/driveway/uv_index: {"value":8.04,"timestamp":"2025-04-30T18:17:37.098Z"}
[2025-05-09 09:14:12] [MQTT] home/outside/driveway/light_level: {"value":2277.72,"timestamp":"2025-04-30T18:13:42.003Z"}
[2025-05-09 09:14:12] [MQTT] home/outside/back_yard/barometric_pressure: {"value":1031.66,"timestamp":"2025-04-29T23:10:03.175Z"}
[2025-05-09 09:14:12] [MQTT] home/outside/driveway/air_quality: {"value":79.28,"timestamp":"2025-04-29T23:09:51.173Z"}
[2025-05-09 09:14:12] [MQTT] home/outside/driveway/vehicle_detected: {"value":1,"timestamp":"2025-04-29T18:17:39.977Z"}
[2025-05-09 09:14:12] [MQTT] home/outside/driveway/ambient_noise: {"value":90,"timestamp":"2025-04-29T18:07:51.582Z"}
[2025-05-09 09:14:12] [MQTT] home/outside/driveway/barometric_pressure: {"value":997.91,"timestamp":"2025-04-29T18:20:16.907Z"}
[2025-05-09 09:14:12] [MQTT] home/outside/front_yard/temperature: {"value":24.8,"timestamp":"2025-05-05T00:10:49.380Z"}
[2025-05-09 09:14:12] [MQTT] home/outside/front_yard/barometric_pressure: {"value":959.36,"timestamp":"2025-05-05T00:23:20.025Z"}
[2025-05-09 09:14:12] [MQTT] home/outside/front_yard/light_level: {"value":78974.25,"timestamp":"2025-04-29T23:07:20.357Z"}
[2025-05-09 09:14:12] [MQTT] home/outside/front_yard/rain_detected: {"value":1,"timestamp":"2025-04-29T18:10:07.898Z"}
[2025-05-09 09:14:12] [MQTT] home/outside/front_yard/uv_index: {"value":2.9,"timestamp":"2025-04-29T23:07:24.443Z"}
[2025-05-09 09:14:12] [MQTT] home/outside/front_yard/air_quality: {"value":33.42,"timestamp":"2025-04-29T18:21:23.206Z"}
[2025-05-09 09:14:12] [MQTT] home/outside/front_yard/humidity: {"value":83,"timestamp":"2025-05-05T00:08:09.675Z"}
[2025-05-09 09:14:12] [MQTT] home/outside/front_yard/wind_direction: {"value":"S","timestamp":"2025-05-05T00:14:58.018Z"}
[2025-05-09 09:14:12] [MQTT] home/outside/roof/solar_output: {"value":4895.47,"timestamp":"2025-04-29T18:17:05.281Z"}
[2025-05-09 09:14:12] [MQTT] home/outside/roof/wind_speed: {"value":13.29,"timestamp":"2025-04-29T18:18:53.879Z"}
[2025-05-09 09:14:12] [MQTT] home/outside/roof/light_level: {"value":76589.33,"timestamp":"2025-04-29T23:06:39.174Z"}
[2025-05-09 09:14:12] [MQTT] home/outside/roof/barometric_pressure: {"value":1024.1,"timestamp":"2025-04-29T22:36:05.177Z"}
[2025-05-09 09:14:12] [MQTT] home/outside/roof/ambient_noise: {"value":54.41,"timestamp":"2025-04-29T22:36:01.179Z"}
[2025-05-09 09:14:12] [MQTT] home/outside/roof/air_quality: {"value":59,"timestamp":"2025-04-29T18:21:56.208Z"}
